<?xml version="1.0" encoding="UTF-8"?>
<testng-results ignored="0" total="1" passed="1" failed="0" skipped="0">
  <reporter-output>
  </reporter-output>
  <suite started-at="2022-09-07T22:19:20 IST" name="Default suite" finished-at="2022-09-07T22:19:22 IST" duration-ms="2089">
    <groups>
    </groups>
    <test started-at="2022-09-07T22:19:20 IST" name="Default test" finished-at="2022-09-07T22:19:22 IST" duration-ms="2089">
      <class name="mavpro.testRestapi">
        <test-method is-config="true" signature="setup()[pri:0, instance:mavpro.testRestapi@5be6e01c]" started-at="2022-09-07T22:19:20 IST" name="setup" finished-at="2022-09-07T22:19:21 IST" duration-ms="547" status="PASS">
          <reporter-output>
          </reporter-output>
        </test-method> <!-- setup -->
        <test-method signature="getRequest()[pri:0, instance:mavpro.testRestapi@5be6e01c]" started-at="2022-09-07T22:19:21 IST" name="getRequest" finished-at="2022-09-07T22:19:22 IST" duration-ms="1490" status="PASS">
          <reporter-output>
          </reporter-output>
        </test-method> <!-- getRequest -->
      </class> <!-- mavpro.testRestapi -->
    </test> <!-- Default test -->
  </suite> <!-- Default suite -->
</testng-results>
